TN:
SF:lib/client-manager.js
FN:8,(anonymous_0)
FN:32,(anonymous_1)
FN:78,(anonymous_2)
FN:102,(anonymous_3)
FN:111,(anonymous_4)
FN:134,(anonymous_5)
FN:150,(anonymous_6)
FN:160,(anonymous_7)
FN:185,(anonymous_8)
FN:191,(anonymous_9)
FN:196,(anonymous_10)
FN:209,(anonymous_11)
FN:227,(anonymous_12)
FNF:13
FNH:10
FNDA:14,(anonymous_0)
FNDA:14,(anonymous_1)
FNDA:4,(anonymous_2)
FNDA:5,(anonymous_3)
FNDA:1,(anonymous_4)
FNDA:3,(anonymous_5)
FNDA:1,(anonymous_6)
FNDA:2,(anonymous_7)
FNDA:0,(anonymous_8)
FNDA:0,(anonymous_9)
FNDA:0,(anonymous_10)
FNDA:14,(anonymous_11)
FNDA:2,(anonymous_12)
DA:1,1
DA:9,14
DA:10,14
DA:13,14
DA:25,14
DA:34,14
DA:35,14
DA:37,2
DA:52,2
DA:53,2
DA:57,14
DA:58,14
DA:59,1
DA:63,14
DA:64,14
DA:66,2
DA:70,14
DA:80,4
DA:81,1
DA:84,4
DA:86,4
DA:87,1
DA:90,3
DA:103,5
DA:112,1
DA:113,0
DA:116,1
DA:118,1
DA:119,0
DA:122,1
DA:123,1
DA:125,1
DA:126,1
DA:135,3
DA:136,0
DA:139,3
DA:142,3
DA:151,1
DA:152,1
DA:161,2
DA:162,2
DA:165,2
DA:166,2
DA:167,0
DA:171,2
DA:172,4
DA:173,1
DA:178,1
DA:186,0
DA:187,0
DA:190,0
DA:191,0
DA:192,0
DA:196,0
DA:197,0
DA:198,0
DA:202,0
DA:210,14
DA:212,14
DA:213,14
DA:214,13
DA:218,1
DA:221,1
DA:227,1
DA:228,2
DA:229,2
DA:233,1
DA:236,1
DA:238,1
DA:240,0
DA:241,0
DA:246,1
LF:72
LH:57
BRDA:10,0,0,14
BRDA:10,0,1,0
BRDA:35,1,0,2
BRDA:35,1,1,12
BRDA:39,2,0,2
BRDA:39,2,1,0
BRDA:40,3,0,2
BRDA:40,3,1,0
BRDA:45,4,0,2
BRDA:45,4,1,0
BRDA:46,5,0,2
BRDA:46,5,1,0
BRDA:58,6,0,1
BRDA:58,6,1,13
BRDA:64,7,0,2
BRDA:64,7,1,12
BRDA:78,8,0,1
BRDA:80,9,0,1
BRDA:80,9,1,3
BRDA:84,10,0,4
BRDA:84,10,1,0
BRDA:86,11,0,1
BRDA:86,11,1,3
BRDA:103,12,0,5
BRDA:103,12,1,0
BRDA:112,13,0,0
BRDA:112,13,1,1
BRDA:116,14,0,1
BRDA:116,14,1,0
BRDA:118,15,0,0
BRDA:118,15,1,1
BRDA:122,16,0,1
BRDA:122,16,1,0
BRDA:135,17,0,0
BRDA:135,17,1,3
BRDA:139,18,0,3
BRDA:139,18,1,0
BRDA:142,19,0,3
BRDA:142,19,1,1
BRDA:160,20,0,2
BRDA:162,21,0,2
BRDA:162,21,1,0
BRDA:166,22,0,0
BRDA:166,22,1,2
BRDA:172,23,0,1
BRDA:172,23,1,3
BRDA:186,24,0,0
BRDA:186,24,1,0
BRDA:190,25,0,0
BRDA:190,25,1,0
BRDA:197,26,0,0
BRDA:197,26,1,0
BRDA:213,27,0,13
BRDA:213,27,1,1
BRDA:218,28,0,1
BRDA:218,28,1,0
BRDA:228,29,0,2
BRDA:228,29,1,0
BRF:58
BRH:35
end_of_record
TN:
SF:test/mocks/homey.js
FN:6,(anonymous_0)
FN:15,(anonymous_1)
FN:19,(anonymous_2)
FN:31,(anonymous_3)
FN:36,(anonymous_4)
FN:40,(anonymous_5)
FN:44,(anonymous_6)
FN:48,(anonymous_7)
FN:49,(anonymous_8)
FN:51,(anonymous_9)
FN:55,(anonymous_10)
FN:59,(anonymous_11)
FN:63,(anonymous_12)
FN:67,(anonymous_13)
FN:72,(anonymous_14)
FN:77,(anonymous_15)
FN:83,(anonymous_16)
FN:90,(anonymous_17)
FN:96,(anonymous_18)
FN:97,(anonymous_19)
FN:99,(anonymous_20)
FN:107,(anonymous_21)
FN:109,(anonymous_22)
FN:113,(anonymous_23)
FN:123,(anonymous_24)
FN:125,(anonymous_25)
FN:129,(anonymous_26)
FN:139,(anonymous_27)
FN:141,(anonymous_28)
FN:145,(anonymous_29)
FN:156,(anonymous_30)
FN:168,(anonymous_31)
FN:171,(anonymous_32)
FN:174,(anonymous_33)
FN:181,(anonymous_34)
FN:182,(anonymous_35)
FN:183,(anonymous_36)
FN:184,(anonymous_37)
FN:188,(anonymous_38)
FN:189,(anonymous_39)
FNF:40
FNH:0
FNDA:0,(anonymous_0)
FNDA:0,(anonymous_1)
FNDA:0,(anonymous_2)
FNDA:0,(anonymous_3)
FNDA:0,(anonymous_4)
FNDA:0,(anonymous_5)
FNDA:0,(anonymous_6)
FNDA:0,(anonymous_7)
FNDA:0,(anonymous_8)
FNDA:0,(anonymous_9)
FNDA:0,(anonymous_10)
FNDA:0,(anonymous_11)
FNDA:0,(anonymous_12)
FNDA:0,(anonymous_13)
FNDA:0,(anonymous_14)
FNDA:0,(anonymous_15)
FNDA:0,(anonymous_16)
FNDA:0,(anonymous_17)
FNDA:0,(anonymous_18)
FNDA:0,(anonymous_19)
FNDA:0,(anonymous_20)
FNDA:0,(anonymous_21)
FNDA:0,(anonymous_22)
FNDA:0,(anonymous_23)
FNDA:0,(anonymous_24)
FNDA:0,(anonymous_25)
FNDA:0,(anonymous_26)
FNDA:0,(anonymous_27)
FNDA:0,(anonymous_28)
FNDA:0,(anonymous_29)
FNDA:0,(anonymous_30)
FNDA:0,(anonymous_31)
FNDA:0,(anonymous_32)
FNDA:0,(anonymous_33)
FNDA:0,(anonymous_34)
FNDA:0,(anonymous_35)
FNDA:0,(anonymous_36)
FNDA:0,(anonymous_37)
FNDA:0,(anonymous_38)
FNDA:0,(anonymous_39)
DA:4,1
DA:7,0
DA:8,0
DA:9,0
DA:10,0
DA:11,0
DA:12,0
DA:16,0
DA:20,0
DA:21,0
DA:24,0
DA:25,0
DA:28,0
DA:32,0
DA:33,0
DA:37,0
DA:41,0
DA:45,0
DA:52,0
DA:56,0
DA:60,0
DA:64,0
DA:68,0
DA:69,0
DA:73,0
DA:78,0
DA:79,0
DA:85,0
DA:91,0
DA:92,0
DA:93,0
DA:100,0
DA:108,0
DA:110,0
DA:111,0
DA:114,0
DA:119,0
DA:124,0
DA:126,0
DA:127,0
DA:130,0
DA:135,0
DA:140,0
DA:142,0
DA:143,0
DA:146,0
DA:151,0
DA:157,0
DA:161,0
DA:168,0
DA:171,0
DA:174,0
DA:181,0
DA:182,0
DA:183,0
DA:184,0
LF:56
LH:1
BRDA:24,0,0,0
BRDA:24,0,1,0
BRDA:24,1,0,0
BRDA:24,1,1,0
BRDA:83,2,0,0
BRDA:83,3,0,0
BRF:6
BRH:0
end_of_record
