TN:
SF:lib/vehicle-store.js
FN:4,(anonymous_0)
FN:12,(anonymous_1)
FN:32,(anonymous_2)
FN:46,(anonymous_3)
FN:51,(anonymous_4)
FN:62,(anonymous_5)
FN:68,(anonymous_6)
FN:110,(anonymous_7)
FN:125,(anonymous_8)
FN:133,(anonymous_9)
FN:146,(anonymous_10)
FN:157,(anonymous_11)
FN:170,(anonymous_12)
FNF:13
FNH:13
FNDA:10,(anonymous_0)
FNDA:2,(anonymous_1)
FNDA:2,(anonymous_2)
FNDA:2,(anonymous_3)
FNDA:2,(anonymous_4)
FNDA:8,(anonymous_5)
FNDA:2,(anonymous_6)
FNDA:1,(anonymous_7)
FNDA:7,(anonymous_8)
FNDA:6,(anonymous_9)
FNDA:2,(anonymous_10)
FNDA:4,(anonymous_11)
FNDA:1,(anonymous_12)
DA:1,1
DA:5,10
DA:6,10
DA:7,10
DA:8,10
DA:13,2
DA:22,2
DA:23,2
DA:27,1
DA:33,2
DA:34,2
DA:35,2
DA:36,2
DA:37,1
DA:40,1
DA:42,1
DA:47,2
DA:52,2
DA:54,2
DA:62,2
DA:63,8
DA:70,2
DA:71,2
DA:76,2
DA:81,2
DA:88,2
DA:111,1
DA:113,1
DA:115,1
DA:116,1
DA:117,1
DA:118,1
DA:120,0
DA:126,7
DA:127,5
DA:128,3
DA:129,1
DA:134,6
DA:135,4
DA:137,3
DA:138,3
DA:140,3
DA:141,2
DA:143,1
DA:147,2
DA:149,2
DA:154,2
DA:158,4
DA:159,4
DA:162,3
DA:163,1
DA:164,1
DA:167,2
DA:171,1
DA:175,1
LF:55
LH:54
BRDA:15,0,0,2
BRDA:15,0,1,0
BRDA:35,1,0,2
BRDA:35,1,1,0
BRDA:52,2,0,0
BRDA:52,2,1,2
BRDA:56,3,0,2
BRDA:56,3,1,0
BRDA:63,4,0,8
BRDA:63,4,1,1
BRDA:70,5,0,2
BRDA:70,5,1,0
BRDA:71,6,0,2
BRDA:71,6,1,0
BRDA:76,7,0,1
BRDA:76,7,1,1
BRDA:89,8,0,1
BRDA:89,8,1,1
BRDA:97,9,0,2
BRDA:97,9,1,1
BRDA:100,10,0,1
BRDA:100,10,1,1
BRDA:111,11,0,0
BRDA:111,11,1,1
BRDA:111,12,0,1
BRDA:111,12,1,1
BRDA:126,13,0,2
BRDA:126,13,1,5
BRDA:127,14,0,2
BRDA:127,14,1,3
BRDA:128,15,0,2
BRDA:128,15,1,1
BRDA:128,16,0,3
BRDA:128,16,1,3
BRDA:134,17,0,2
BRDA:134,17,1,4
BRDA:135,18,0,1
BRDA:135,18,1,3
BRDA:138,19,0,0
BRDA:138,19,1,3
BRDA:140,20,0,2
BRDA:140,20,1,1
BRDA:147,21,0,0
BRDA:147,21,1,2
BRDA:159,22,0,1
BRDA:159,22,1,3
BRDA:162,23,0,1
BRDA:162,23,1,2
BRF:48
BRH:39
end_of_record
TN:
SF:test/mocks/homey.js
FN:6,(anonymous_0)
FN:15,(anonymous_1)
FN:19,(anonymous_2)
FN:31,(anonymous_3)
FN:36,(anonymous_4)
FN:40,(anonymous_5)
FN:44,(anonymous_6)
FN:48,(anonymous_7)
FN:49,(anonymous_8)
FN:51,(anonymous_9)
FN:55,(anonymous_10)
FN:59,(anonymous_11)
FN:63,(anonymous_12)
FN:67,(anonymous_13)
FN:72,(anonymous_14)
FN:77,(anonymous_15)
FN:83,(anonymous_16)
FN:90,(anonymous_17)
FN:96,(anonymous_18)
FN:97,(anonymous_19)
FN:99,(anonymous_20)
FN:107,(anonymous_21)
FN:109,(anonymous_22)
FN:113,(anonymous_23)
FN:123,(anonymous_24)
FN:125,(anonymous_25)
FN:129,(anonymous_26)
FN:139,(anonymous_27)
FN:141,(anonymous_28)
FN:145,(anonymous_29)
FN:156,(anonymous_30)
FN:168,(anonymous_31)
FN:171,(anonymous_32)
FN:174,(anonymous_33)
FN:181,(anonymous_34)
FN:182,(anonymous_35)
FN:183,(anonymous_36)
FN:184,(anonymous_37)
FN:188,(anonymous_38)
FN:189,(anonymous_39)
FNF:40
FNH:0
FNDA:0,(anonymous_0)
FNDA:0,(anonymous_1)
FNDA:0,(anonymous_2)
FNDA:0,(anonymous_3)
FNDA:0,(anonymous_4)
FNDA:0,(anonymous_5)
FNDA:0,(anonymous_6)
FNDA:0,(anonymous_7)
FNDA:0,(anonymous_8)
FNDA:0,(anonymous_9)
FNDA:0,(anonymous_10)
FNDA:0,(anonymous_11)
FNDA:0,(anonymous_12)
FNDA:0,(anonymous_13)
FNDA:0,(anonymous_14)
FNDA:0,(anonymous_15)
FNDA:0,(anonymous_16)
FNDA:0,(anonymous_17)
FNDA:0,(anonymous_18)
FNDA:0,(anonymous_19)
FNDA:0,(anonymous_20)
FNDA:0,(anonymous_21)
FNDA:0,(anonymous_22)
FNDA:0,(anonymous_23)
FNDA:0,(anonymous_24)
FNDA:0,(anonymous_25)
FNDA:0,(anonymous_26)
FNDA:0,(anonymous_27)
FNDA:0,(anonymous_28)
FNDA:0,(anonymous_29)
FNDA:0,(anonymous_30)
FNDA:0,(anonymous_31)
FNDA:0,(anonymous_32)
FNDA:0,(anonymous_33)
FNDA:0,(anonymous_34)
FNDA:0,(anonymous_35)
FNDA:0,(anonymous_36)
FNDA:0,(anonymous_37)
FNDA:0,(anonymous_38)
FNDA:0,(anonymous_39)
DA:4,1
DA:7,0
DA:8,0
DA:9,0
DA:10,0
DA:11,0
DA:12,0
DA:16,0
DA:20,0
DA:21,0
DA:24,0
DA:25,0
DA:28,0
DA:32,0
DA:33,0
DA:37,0
DA:41,0
DA:45,0
DA:52,0
DA:56,0
DA:60,0
DA:64,0
DA:68,0
DA:69,0
DA:73,0
DA:78,0
DA:79,0
DA:85,0
DA:91,0
DA:92,0
DA:93,0
DA:100,0
DA:108,0
DA:110,0
DA:111,0
DA:114,0
DA:119,0
DA:124,0
DA:126,0
DA:127,0
DA:130,0
DA:135,0
DA:140,0
DA:142,0
DA:143,0
DA:146,0
DA:151,0
DA:157,0
DA:161,0
DA:168,0
DA:171,0
DA:174,0
DA:181,0
DA:182,0
DA:183,0
DA:184,0
LF:56
LH:1
BRDA:24,0,0,0
BRDA:24,0,1,0
BRDA:24,1,0,0
BRDA:24,1,1,0
BRDA:83,2,0,0
BRDA:83,3,0,0
BRF:6
BRH:0
end_of_record
